<?xml version="1.0" encoding="UTF-8"?>
<testsuite xmlns:xsi="http://www.w3.org/2001/XMLSchema-instance" xsi:noNamespaceSchemaLocation="https://maven.apache.org/surefire/maven-surefire-plugin/xsd/surefire-test-report-3.0.xsd" version="3.0" name="TestSuite" time="36.287" tests="6" errors="0" skipped="6" failures="0">
  <properties>
[...]
</properties>
  <testcase name="developerLoginTest" classname="Test.QDPM.userLoginsTest" time="0">
    <skipped message="timeout: Timed out receiving message from renderer: -0.003&#10;  (Session info: headless MicrosoftEdge=105.0.1343.27)&#10;Build info: version: &apos;4.1.4&apos;, revision: &apos;535d840ee2&apos;&#10;System info: host: &apos;DESKTOP-DK68IP8&apos;, ip: &apos;192.168.1.77&apos;, os.name: &apos;Windows 10&apos;, os.arch: &apos;amd64&apos;, os.version: &apos;10.0&apos;, java.version: &apos;11.0.15.1&apos;&#10;Driver info: org.openqa.selenium.edge.EdgeDriver&#10;Command: [b0da5c2191f9cb5281537603de98a28e, get {url=http://localhost/index.php/login}]&#10;Capabilities {acceptInsecureCerts: false, browserName: msedge, browserVersion: 105.0.1343.27, javascriptEnabled: true, ms:edgeOptions: {debuggerAddress: localhost:52003}, msedge: {msedgedriverVersion: 105.0.1343.27 (ca9c37b5a3be..., userDataDir: C:\Users\mdavi\AppData\Loca...}, networkConnectionEnabled: false, pageLoadStrategy: normal, platform: WINDOWS, platformName: WINDOWS, proxy: Proxy(), se:cdp: ws://localhost:52003/devtoo..., se:cdpVersion: 105.0.1343.27, setWindowRect: true, strictFileInteractability: false, timeouts: {implicit: 0, pageLoad: 300000, script: 30000}, unhandledPromptBehavior: dismiss and notify, webauthn:extension:credBlob: true, webauthn:extension:largeBlob: true, webauthn:virtualAuthenticators: true}&#10;Session ID: b0da5c2191f9cb5281537603de98a28e"/>
    <system-err><![CDATA[[TestNG-test=Qdpm Test-1] INFO io.github.bonigarcia.wdm.WebDriverManager - Using msedgedriver 105.0.1343.27 (resolved driver for Edge 105)
[TestNG-test=Qdpm Test-3] INFO io.github.bonigarcia.wdm.WebDriverManager - Using msedgedriver 105.0.1343.27 (resolved driver for Edge 105)
[TestNG-test=Qdpm Test-2] INFO io.github.bonigarcia.wdm.WebDriverManager - Using msedgedriver 105.0.1343.27 (resolved driver for Edge 105)
[TestNG-test=Qdpm Test-2] INFO io.github.bonigarcia.wdm.WebDriverManager - Exporting webdriver.edge.driver as C:\Users\mdavi\.cache\selenium\msedgedriver\win64\105.0.1343.27\msedgedriver.exe
[TestNG-test=Qdpm Test-3] INFO io.github.bonigarcia.wdm.WebDriverManager - Exporting webdriver.edge.driver as C:\Users\mdavi\.cache\selenium\msedgedriver\win64\105.0.1343.27\msedgedriver.exe
[TestNG-test=Qdpm Test-1] INFO io.github.bonigarcia.wdm.WebDriverManager - Exporting webdriver.edge.driver as C:\Users\mdavi\.cache\selenium\msedgedriver\win64\105.0.1343.27\msedgedriver.exe
Starting Microsoft Edge WebDriver 105.0.1343.27 (ca9c37b5a3be4f51d17650fdb43398de8da7988b) on port 58333
To submit feedback, report a bug, or suggest new features, please visit https://github.com/MicrosoftEdge/EdgeWebDriver

Only local connections are allowed.
Please see https://aka.ms/WebDriverSecurity for suggestions on keeping Microsoft Edge WebDriver safe.

Starting Microsoft Edge WebDriver 105.0.1343.27 (ca9c37b5a3be4f51d17650fdb43398de8da7988b) on port 55267
To submit feedback, report a bug, or suggest new features, please visit https://github.com/MicrosoftEdge/EdgeWebDriver

Only local connections are allowed.
Please see https://aka.ms/WebDriverSecurity for suggestions on keeping Microsoft Edge WebDriver safe.

Starting Microsoft Edge WebDriver 105.0.1343.27 (ca9c37b5a3be4f51d17650fdb43398de8da7988b) on port 54317
To submit feedback, report a bug, or suggest new features, please visit https://github.com/MicrosoftEdge/EdgeWebDriver

Only local connections are allowed.
Please see https://aka.ms/WebDriverSecurity for suggestions on keeping Microsoft Edge WebDriver safe.

MMiiccrosrofot Esdgoe WfebtDri verE wdagse  sWteabrDtredi vseurc cwesasfs usltlya.
rted successfully.
Microsoft Edge WebDriver was started successfully.
Sep 09, 2022 4:23:47 PM org.openqa.selenium.remote.ProtocolHandshake createSession
INFO: Detected dialect: W3C
Sep 09, 2022 4:23:47 PM org.openqa.selenium.remote.ProtocolHandshake createSession
INFO: Detected dialect: W3C
Sep 09, 2022 4:23:47 PM org.openqa.selenium.remote.ProtocolHandshake createSession
INFO: Detected dialect: W3C
Sep 09, 2022 4:23:48 PM org.openqa.selenium.devtools.CdpVersionFinder findNearestMatch
WARNING: Unable to find an exact match for CDP version 105, so returning the closest version found: 101
Sep 09, 2022 4:23:48 PM org.openqa.selenium.devtools.CdpVersionFinder findNearestMatch
WARNING: Unable to find an exact match for CDP version 105, so returning the closest version found: 101
Sep 09, 2022 4:23:48 PM org.openqa.selenium.devtools.CdpVersionFinder findNearestMatch
WARNING: Unable to find an exact match for CDP version 105, so returning the closest version found: 101
Sep 09, 2022 4:23:48 PM org.openqa.selenium.devtools.CdpVersionFinder findNearestMatch
INFO: Found CDP implementation for version 105 of 101
Sep 09, 2022 4:23:48 PM org.openqa.selenium.devtools.CdpVersionFinder findNearestMatch
INFO: Found CDP implementation for version 105 of 101
Sep 09, 2022 4:23:48 PM org.openqa.selenium.devtools.CdpVersionFinder findNearestMatch
INFO: Found CDP implementation for version 105 of 101
[[1166662722078428.0572][8S4E8V.ER5E7]1:] [TSiEmVeEdR oEu]t:  rTeicmeeivdi nog umte srsecaeigvieng  mferssoagme  frroemn drenederreerr: :20 .02000.
000
[[11666627220782408.58742]8[.SEV5ER7E]3: ]Ti[meSd EouVt ErRE]: Teimecd eouit virnegce ivimnges smaesgsea gefro mf rroenmd erreenrd:e -r0e.r0:0 3-0
.001
[1662720848.578][SEVERE]: Timed out receiving message from renderer: -0.001
[1662720848.580][SEVERE]: Timed out receiving message from renderer: -0.003
[1662720848.587][SEVERE]: Timed out receiving message from renderer: 20.000
[1662720848.588][SEVERE]: Timed out receiving message from renderer: -0.015
[1662720848.593][SEVERE]: Timed out receiving message from renderer: -0.015
]]></system-err>
  </testcase>
  <testcase name="clientLoginTest" classname="Test.QDPM.userLoginsTest" time="0">
    <skipped message="timeout: Timed out receiving message from renderer: -0.003&#10;  (Session info: headless MicrosoftEdge=105.0.1343.27)&#10;Build info: version: &apos;4.1.4&apos;, revision: &apos;535d840ee2&apos;&#10;System info: host: &apos;DESKTOP-DK68IP8&apos;, ip: &apos;192.168.1.77&apos;, os.name: &apos;Windows 10&apos;, os.arch: &apos;amd64&apos;, os.version: &apos;10.0&apos;, java.version: &apos;11.0.15.1&apos;&#10;Driver info: org.openqa.selenium.edge.EdgeDriver&#10;Command: [b0da5c2191f9cb5281537603de98a28e, get {url=http://localhost/index.php/login}]&#10;Capabilities {acceptInsecureCerts: false, browserName: msedge, browserVersion: 105.0.1343.27, javascriptEnabled: true, ms:edgeOptions: {debuggerAddress: localhost:52003}, msedge: {msedgedriverVersion: 105.0.1343.27 (ca9c37b5a3be..., userDataDir: C:\Users\mdavi\AppData\Loca...}, networkConnectionEnabled: false, pageLoadStrategy: normal, platform: WINDOWS, platformName: WINDOWS, proxy: Proxy(), se:cdp: ws://localhost:52003/devtoo..., se:cdpVersion: 105.0.1343.27, setWindowRect: true, strictFileInteractability: false, timeouts: {implicit: 0, pageLoad: 300000, script: 30000}, unhandledPromptBehavior: dismiss and notify, webauthn:extension:credBlob: true, webauthn:extension:largeBlob: true, webauthn:virtualAuthenticators: true}&#10;Session ID: b0da5c2191f9cb5281537603de98a28e"/>
  </testcase>
  <testcase name="managerLoginTest" classname="Test.QDPM.userLoginsTest" time="0">
    <skipped message="timeout: Timed out receiving message from renderer: -0.003&#10;  (Session info: headless MicrosoftEdge=105.0.1343.27)&#10;Build info: version: &apos;4.1.4&apos;, revision: &apos;535d840ee2&apos;&#10;System info: host: &apos;DESKTOP-DK68IP8&apos;, ip: &apos;192.168.1.77&apos;, os.name: &apos;Windows 10&apos;, os.arch: &apos;amd64&apos;, os.version: &apos;10.0&apos;, java.version: &apos;11.0.15.1&apos;&#10;Driver info: org.openqa.selenium.edge.EdgeDriver&#10;Command: [b0da5c2191f9cb5281537603de98a28e, get {url=http://localhost/index.php/login}]&#10;Capabilities {acceptInsecureCerts: false, browserName: msedge, browserVersion: 105.0.1343.27, javascriptEnabled: true, ms:edgeOptions: {debuggerAddress: localhost:52003}, msedge: {msedgedriverVersion: 105.0.1343.27 (ca9c37b5a3be..., userDataDir: C:\Users\mdavi\AppData\Loca...}, networkConnectionEnabled: false, pageLoadStrategy: normal, platform: WINDOWS, platformName: WINDOWS, proxy: Proxy(), se:cdp: ws://localhost:52003/devtoo..., se:cdpVersion: 105.0.1343.27, setWindowRect: true, strictFileInteractability: false, timeouts: {implicit: 0, pageLoad: 300000, script: 30000}, unhandledPromptBehavior: dismiss and notify, webauthn:extension:credBlob: true, webauthn:extension:largeBlob: true, webauthn:virtualAuthenticators: true}&#10;Session ID: b0da5c2191f9cb5281537603de98a28e"/>
  </testcase>
  <testcase name="TearDown" classname="Test.QDPM.userLoginsTest" time="0">
    <skipped/>
  </testcase>
  <testcase name="TearDown" classname="Test.QDPM.userLoginsTest" time="0">
    <skipped/>
  </testcase>
  <testcase name="TearDown" classname="Test.QDPM.userLoginsTest" time="0">
    <skipped/>
  </testcase>
</testsuite>